{
  "/Users/vlad/Kavume/RS_school/react-app/src/components/Header/Header.tsx": {
    "path": "/Users/vlad/Kavume/RS_school/react-app/src/components/Header/Header.tsx",
    "statementMap": {
      "0": {
        "start": {
          "line": 7,
          "column": 4
        },
        "end": {
          "line": 25,
          "column": 6
        }
      },
      "1": {
        "start": {
          "line": 9,
          "column": 54
        },
        "end": {
          "line": 9,
          "column": 92
        }
      },
      "2": {
        "start": {
          "line": 14,
          "column": 40
        },
        "end": {
          "line": 14,
          "column": 93
        }
      },
      "3": {
        "start": {
          "line": 20,
          "column": 40
        },
        "end": {
          "line": 20,
          "column": 93
        }
      }
    },
    "fnMap": {
      "0": {
        "name": "(anonymous_0)",
        "decl": {
          "start": {
            "line": 6,
            "column": 2
          },
          "end": {
            "line": 6,
            "column": 3
          }
        },
        "loc": {
          "start": {
            "line": 6,
            "column": 11
          },
          "end": {
            "line": 26,
            "column": 3
          }
        },
        "line": 6
      },
      "1": {
        "name": "(anonymous_1)",
        "decl": {
          "start": {
            "line": 9,
            "column": 35
          },
          "end": {
            "line": 9,
            "column": 36
          }
        },
        "loc": {
          "start": {
            "line": 9,
            "column": 54
          },
          "end": {
            "line": 9,
            "column": 92
          }
        },
        "line": 9
      },
      "2": {
        "name": "(anonymous_2)",
        "decl": {
          "start": {
            "line": 14,
            "column": 21
          },
          "end": {
            "line": 14,
            "column": 22
          }
        },
        "loc": {
          "start": {
            "line": 14,
            "column": 40
          },
          "end": {
            "line": 14,
            "column": 93
          }
        },
        "line": 14
      },
      "3": {
        "name": "(anonymous_3)",
        "decl": {
          "start": {
            "line": 20,
            "column": 21
          },
          "end": {
            "line": 20,
            "column": 22
          }
        },
        "loc": {
          "start": {
            "line": 20,
            "column": 40
          },
          "end": {
            "line": 20,
            "column": 93
          }
        },
        "line": 20
      }
    },
    "branchMap": {
      "0": {
        "loc": {
          "start": {
            "line": 9,
            "column": 54
          },
          "end": {
            "line": 9,
            "column": 92
          }
        },
        "type": "cond-expr",
        "locations": [
          {
            "start": {
              "line": 9,
              "column": 65
            },
            "end": {
              "line": 9,
              "column": 78
            }
          },
          {
            "start": {
              "line": 9,
              "column": 81
            },
            "end": {
              "line": 9,
              "column": 92
            }
          }
        ],
        "line": 9
      },
      "1": {
        "loc": {
          "start": {
            "line": 14,
            "column": 40
          },
          "end": {
            "line": 14,
            "column": 93
          }
        },
        "type": "cond-expr",
        "locations": [
          {
            "start": {
              "line": 14,
              "column": 51
            },
            "end": {
              "line": 14,
              "column": 79
            }
          },
          {
            "start": {
              "line": 14,
              "column": 82
            },
            "end": {
              "line": 14,
              "column": 93
            }
          }
        ],
        "line": 14
      },
      "2": {
        "loc": {
          "start": {
            "line": 14,
            "column": 51
          },
          "end": {
            "line": 14,
            "column": 79
          }
        },
        "type": "binary-expr",
        "locations": [
          {
            "start": {
              "line": 14,
              "column": 51
            },
            "end": {
              "line": 14,
              "column": 62
            }
          },
          {
            "start": {
              "line": 14,
              "column": 66
            },
            "end": {
              "line": 14,
              "column": 79
            }
          }
        ],
        "line": 14
      },
      "3": {
        "loc": {
          "start": {
            "line": 20,
            "column": 40
          },
          "end": {
            "line": 20,
            "column": 93
          }
        },
        "type": "cond-expr",
        "locations": [
          {
            "start": {
              "line": 20,
              "column": 51
            },
            "end": {
              "line": 20,
              "column": 79
            }
          },
          {
            "start": {
              "line": 20,
              "column": 82
            },
            "end": {
              "line": 20,
              "column": 93
            }
          }
        ],
        "line": 20
      },
      "4": {
        "loc": {
          "start": {
            "line": 20,
            "column": 51
          },
          "end": {
            "line": 20,
            "column": 79
          }
        },
        "type": "binary-expr",
        "locations": [
          {
            "start": {
              "line": 20,
              "column": 51
            },
            "end": {
              "line": 20,
              "column": 62
            }
          },
          {
            "start": {
              "line": 20,
              "column": 66
            },
            "end": {
              "line": 20,
              "column": 79
            }
          }
        ],
        "line": 20
      }
    },
    "s": {
      "0": 8,
      "1": 8,
      "2": 8,
      "3": 8
    },
    "f": {
      "0": 8,
      "1": 8,
      "2": 8,
      "3": 8
    },
    "b": {
      "0": [
        0,
        8
      ],
      "1": [
        0,
        8
      ],
      "2": [
        0,
        0
      ],
      "3": [
        8,
        0
      ],
      "4": [
        8,
        8
      ]
    },
    "_coverageSchema": "1a1c01bbd47fc00a2c39e90264f33305004495a9",
    "hash": "4a96b975faf782d3362cb4e6665cf5441795dcb1"
  },
  "/Users/vlad/Kavume/RS_school/react-app/src/components/Header/index.tsx": {
    "path": "/Users/vlad/Kavume/RS_school/react-app/src/components/Header/index.tsx",
    "statementMap": {},
    "fnMap": {},
    "branchMap": {},
    "s": {},
    "f": {},
    "b": {},
    "_coverageSchema": "1a1c01bbd47fc00a2c39e90264f33305004495a9",
    "hash": "a3830bdbb2f4bfeee5b90d5dad64d1da9eaaf92f"
  },
  "/Users/vlad/Kavume/RS_school/react-app/src/components/Layout/Layout.tsx": {
    "path": "/Users/vlad/Kavume/RS_school/react-app/src/components/Layout/Layout.tsx",
    "statementMap": {
      "0": {
        "start": {
          "line": 8,
          "column": 4
        },
        "end": {
          "line": 15,
          "column": 6
        }
      }
    },
    "fnMap": {
      "0": {
        "name": "(anonymous_0)",
        "decl": {
          "start": {
            "line": 7,
            "column": 2
          },
          "end": {
            "line": 7,
            "column": 3
          }
        },
        "loc": {
          "start": {
            "line": 7,
            "column": 11
          },
          "end": {
            "line": 16,
            "column": 3
          }
        },
        "line": 7
      }
    },
    "branchMap": {},
    "s": {
      "0": 8
    },
    "f": {
      "0": 8
    },
    "b": {},
    "_coverageSchema": "1a1c01bbd47fc00a2c39e90264f33305004495a9",
    "hash": "8ccf052e482c1d071bcba004e87c3d51f3d88d0f"
  },
  "/Users/vlad/Kavume/RS_school/react-app/src/components/Layout/index.tsx": {
    "path": "/Users/vlad/Kavume/RS_school/react-app/src/components/Layout/index.tsx",
    "statementMap": {},
    "fnMap": {},
    "branchMap": {},
    "s": {},
    "f": {},
    "b": {},
    "_coverageSchema": "1a1c01bbd47fc00a2c39e90264f33305004495a9",
    "hash": "c8f2eccbf432f69544a8b994b3602ef6c277d8df"
  },
  "/Users/vlad/Kavume/RS_school/react-app/src/components/SearchBar/SearchIcon/SearchIcon.tsx": {
    "path": "/Users/vlad/Kavume/RS_school/react-app/src/components/SearchBar/SearchIcon/SearchIcon.tsx",
    "statementMap": {
      "0": {
        "start": {
          "line": 9,
          "column": 19
        },
        "end": {
          "line": 29,
          "column": 1
        }
      },
      "1": {
        "start": {
          "line": 10,
          "column": 2
        },
        "end": {
          "line": 28,
          "column": 4
        }
      }
    },
    "fnMap": {
      "0": {
        "name": "(anonymous_0)",
        "decl": {
          "start": {
            "line": 9,
            "column": 19
          },
          "end": {
            "line": 9,
            "column": 20
          }
        },
        "loc": {
          "start": {
            "line": 9,
            "column": 47
          },
          "end": {
            "line": 29,
            "column": 1
          }
        },
        "line": 9
      }
    },
    "branchMap": {},
    "s": {
      "0": 4,
      "1": 0
    },
    "f": {
      "0": 0
    },
    "b": {},
    "_coverageSchema": "1a1c01bbd47fc00a2c39e90264f33305004495a9",
    "hash": "c2c54dd943f0631bad0846fce36d2367420e4933"
  },
  "/Users/vlad/Kavume/RS_school/react-app/src/components/SearchBar/SearchIcon/index.tsx": {
    "path": "/Users/vlad/Kavume/RS_school/react-app/src/components/SearchBar/SearchIcon/index.tsx",
    "statementMap": {},
    "fnMap": {},
    "branchMap": {},
    "s": {},
    "f": {},
    "b": {},
    "_coverageSchema": "1a1c01bbd47fc00a2c39e90264f33305004495a9",
    "hash": "079801388f516b35c47ad5d98a53a19b8a04b176"
  },
  "/Users/vlad/Kavume/RS_school/react-app/src/components/SearchBar/SearchInput/SearchInput.tsx": {
    "path": "/Users/vlad/Kavume/RS_school/react-app/src/components/SearchBar/SearchInput/SearchInput.tsx",
    "statementMap": {
      "0": {
        "start": {
          "line": 14,
          "column": 20
        },
        "end": {
          "line": 34,
          "column": 1
        }
      },
      "1": {
        "start": {
          "line": 15,
          "column": 2
        },
        "end": {
          "line": 33,
          "column": 4
        }
      }
    },
    "fnMap": {
      "0": {
        "name": "(anonymous_0)",
        "decl": {
          "start": {
            "line": 14,
            "column": 20
          },
          "end": {
            "line": 14,
            "column": 21
          }
        },
        "loc": {
          "start": {
            "line": 14,
            "column": 49
          },
          "end": {
            "line": 34,
            "column": 1
          }
        },
        "line": 14
      }
    },
    "branchMap": {},
    "s": {
      "0": 4,
      "1": 0
    },
    "f": {
      "0": 0
    },
    "b": {},
    "_coverageSchema": "1a1c01bbd47fc00a2c39e90264f33305004495a9",
    "hash": "f0ca05331f6d0e8b23985027895be9af3c618680"
  },
  "/Users/vlad/Kavume/RS_school/react-app/src/components/SearchBar/SearchInput/index.tsx": {
    "path": "/Users/vlad/Kavume/RS_school/react-app/src/components/SearchBar/SearchInput/index.tsx",
    "statementMap": {},
    "fnMap": {},
    "branchMap": {},
    "s": {},
    "f": {},
    "b": {},
    "_coverageSchema": "1a1c01bbd47fc00a2c39e90264f33305004495a9",
    "hash": "1b54d934996432fa26666d83ec308046376885a8"
  },
  "/Users/vlad/Kavume/RS_school/react-app/src/store/hooks.ts": {
    "path": "/Users/vlad/Kavume/RS_school/react-app/src/store/hooks.ts",
    "statementMap": {
      "0": {
        "start": {
          "line": 5,
          "column": 44
        },
        "end": {
          "line": 5,
          "column": 55
        }
      },
      "1": {
        "start": {
          "line": 6,
          "column": 63
        },
        "end": {
          "line": 6,
          "column": 74
        }
      }
    },
    "fnMap": {},
    "branchMap": {},
    "s": {
      "0": 4,
      "1": 4
    },
    "f": {},
    "b": {},
    "_coverageSchema": "1a1c01bbd47fc00a2c39e90264f33305004495a9",
    "hash": "d7875540866f05606bbbafe548c19bda1c48866f"
  },
  "/Users/vlad/Kavume/RS_school/react-app/src/store/slices/SearchBarSlice.tsx": {
    "path": "/Users/vlad/Kavume/RS_school/react-app/src/store/slices/SearchBarSlice.tsx",
    "statementMap": {
      "0": {
        "start": {
          "line": 7,
          "column": 37
        },
        "end": {
          "line": 9,
          "column": 1
        }
      },
      "1": {
        "start": {
          "line": 11,
          "column": 30
        },
        "end": {
          "line": 19,
          "column": 2
        }
      },
      "2": {
        "start": {
          "line": 16,
          "column": 6
        },
        "end": {
          "line": 16,
          "column": 35
        }
      },
      "3": {
        "start": {
          "line": 21,
          "column": 33
        },
        "end": {
          "line": 21,
          "column": 55
        }
      }
    },
    "fnMap": {
      "0": {
        "name": "(anonymous_0)",
        "decl": {
          "start": {
            "line": 15,
            "column": 19
          },
          "end": {
            "line": 15,
            "column": 20
          }
        },
        "loc": {
          "start": {
            "line": 15,
            "column": 61
          },
          "end": {
            "line": 17,
            "column": 5
          }
        },
        "line": 15
      }
    },
    "branchMap": {},
    "s": {
      "0": 4,
      "1": 4,
      "2": 0,
      "3": 4
    },
    "f": {
      "0": 0
    },
    "b": {},
    "_coverageSchema": "1a1c01bbd47fc00a2c39e90264f33305004495a9",
    "hash": "f5ee4852dde3c74383b28ba3aa2367dddac115d7"
  },
  "/Users/vlad/Kavume/RS_school/react-app/src/store/slices/CardsHomePageSlice.tsx": {
    "path": "/Users/vlad/Kavume/RS_school/react-app/src/store/slices/CardsHomePageSlice.tsx",
    "statementMap": {
      "0": {
        "start": {
          "line": 3,
          "column": 29
        },
        "end": {
          "line": 19,
          "column": 1
        }
      },
      "1": {
        "start": {
          "line": 6,
          "column": 4
        },
        "end": {
          "line": 17,
          "column": 5
        }
      },
      "2": {
        "start": {
          "line": 7,
          "column": 23
        },
        "end": {
          "line": 9,
          "column": 7
        }
      },
      "3": {
        "start": {
          "line": 11,
          "column": 6
        },
        "end": {
          "line": 13,
          "column": 7
        }
      },
      "4": {
        "start": {
          "line": 12,
          "column": 8
        },
        "end": {
          "line": 12,
          "column": 40
        }
      },
      "5": {
        "start": {
          "line": 14,
          "column": 6
        },
        "end": {
          "line": 14,
          "column": 29
        }
      },
      "6": {
        "start": {
          "line": 16,
          "column": 6
        },
        "end": {
          "line": 16,
          "column": 55
        }
      },
      "7": {
        "start": {
          "line": 21,
          "column": 35
        },
        "end": {
          "line": 38,
          "column": 1
        }
      },
      "8": {
        "start": {
          "line": 24,
          "column": 4
        },
        "end": {
          "line": 36,
          "column": 5
        }
      },
      "9": {
        "start": {
          "line": 25,
          "column": 23
        },
        "end": {
          "line": 27,
          "column": 7
        }
      },
      "10": {
        "start": {
          "line": 29,
          "column": 6
        },
        "end": {
          "line": 31,
          "column": 7
        }
      },
      "11": {
        "start": {
          "line": 30,
          "column": 8
        },
        "end": {
          "line": 30,
          "column": 43
        }
      },
      "12": {
        "start": {
          "line": 32,
          "column": 20
        },
        "end": {
          "line": 32,
          "column": 41
        }
      },
      "13": {
        "start": {
          "line": 33,
          "column": 6
        },
        "end": {
          "line": 33,
          "column": 27
        }
      },
      "14": {
        "start": {
          "line": 35,
          "column": 6
        },
        "end": {
          "line": 35,
          "column": 55
        }
      },
      "15": {
        "start": {
          "line": 64,
          "column": 41
        },
        "end": {
          "line": 68,
          "column": 1
        }
      },
      "16": {
        "start": {
          "line": 70,
          "column": 34
        },
        "end": {
          "line": 96,
          "column": 2
        }
      },
      "17": {
        "start": {
          "line": 75,
          "column": 4
        },
        "end": {
          "line": 94,
          "column": 9
        }
      },
      "18": {
        "start": {
          "line": 77,
          "column": 8
        },
        "end": {
          "line": 77,
          "column": 40
        }
      },
      "19": {
        "start": {
          "line": 78,
          "column": 8
        },
        "end": {
          "line": 78,
          "column": 27
        }
      },
      "20": {
        "start": {
          "line": 81,
          "column": 8
        },
        "end": {
          "line": 81,
          "column": 45
        }
      },
      "21": {
        "start": {
          "line": 82,
          "column": 8
        },
        "end": {
          "line": 82,
          "column": 27
        }
      },
      "22": {
        "start": {
          "line": 83,
          "column": 8
        },
        "end": {
          "line": 83,
          "column": 37
        }
      },
      "23": {
        "start": {
          "line": 86,
          "column": 8
        },
        "end": {
          "line": 86,
          "column": 50
        }
      },
      "24": {
        "start": {
          "line": 87,
          "column": 8
        },
        "end": {
          "line": 87,
          "column": 37
        }
      },
      "25": {
        "start": {
          "line": 90,
          "column": 8
        },
        "end": {
          "line": 90,
          "column": 37
        }
      },
      "26": {
        "start": {
          "line": 93,
          "column": 8
        },
        "end": {
          "line": 93,
          "column": 37
        }
      },
      "27": {
        "start": {
          "line": 98,
          "column": 18
        },
        "end": {
          "line": 98,
          "column": 44
        }
      }
    },
    "fnMap": {
      "0": {
        "name": "(anonymous_0)",
        "decl": {
          "start": {
            "line": 5,
            "column": 2
          },
          "end": {
            "line": 5,
            "column": 3
          }
        },
        "loc": {
          "start": {
            "line": 5,
            "column": 42
          },
          "end": {
            "line": 18,
            "column": 3
          }
        },
        "line": 5
      },
      "1": {
        "name": "(anonymous_1)",
        "decl": {
          "start": {
            "line": 23,
            "column": 2
          },
          "end": {
            "line": 23,
            "column": 3
          }
        },
        "loc": {
          "start": {
            "line": 23,
            "column": 56
          },
          "end": {
            "line": 37,
            "column": 3
          }
        },
        "line": 23
      },
      "2": {
        "name": "(anonymous_2)",
        "decl": {
          "start": {
            "line": 74,
            "column": 17
          },
          "end": {
            "line": 74,
            "column": 18
          }
        },
        "loc": {
          "start": {
            "line": 74,
            "column": 30
          },
          "end": {
            "line": 95,
            "column": 3
          }
        },
        "line": 74
      },
      "3": {
        "name": "(anonymous_3)",
        "decl": {
          "start": {
            "line": 76,
            "column": 38
          },
          "end": {
            "line": 76,
            "column": 39
          }
        },
        "loc": {
          "start": {
            "line": 76,
            "column": 49
          },
          "end": {
            "line": 79,
            "column": 7
          }
        },
        "line": 76
      },
      "4": {
        "name": "(anonymous_4)",
        "decl": {
          "start": {
            "line": 80,
            "column": 40
          },
          "end": {
            "line": 80,
            "column": 41
          }
        },
        "loc": {
          "start": {
            "line": 80,
            "column": 59
          },
          "end": {
            "line": 84,
            "column": 7
          }
        },
        "line": 80
      },
      "5": {
        "name": "(anonymous_5)",
        "decl": {
          "start": {
            "line": 85,
            "column": 39
          },
          "end": {
            "line": 85,
            "column": 40
          }
        },
        "loc": {
          "start": {
            "line": 85,
            "column": 58
          },
          "end": {
            "line": 88,
            "column": 7
          }
        },
        "line": 85
      },
      "6": {
        "name": "(anonymous_6)",
        "decl": {
          "start": {
            "line": 89,
            "column": 46
          },
          "end": {
            "line": 89,
            "column": 47
          }
        },
        "loc": {
          "start": {
            "line": 89,
            "column": 65
          },
          "end": {
            "line": 91,
            "column": 7
          }
        },
        "line": 89
      },
      "7": {
        "name": "(anonymous_7)",
        "decl": {
          "start": {
            "line": 92,
            "column": 45
          },
          "end": {
            "line": 92,
            "column": 46
          }
        },
        "loc": {
          "start": {
            "line": 92,
            "column": 64
          },
          "end": {
            "line": 94,
            "column": 7
          }
        },
        "line": 92
      }
    },
    "branchMap": {
      "0": {
        "loc": {
          "start": {
            "line": 11,
            "column": 6
          },
          "end": {
            "line": 13,
            "column": 7
          }
        },
        "type": "if",
        "locations": [
          {
            "start": {
              "line": 11,
              "column": 6
            },
            "end": {
              "line": 13,
              "column": 7
            }
          },
          {
            "start": {
              "line": 11,
              "column": 6
            },
            "end": {
              "line": 13,
              "column": 7
            }
          }
        ],
        "line": 11
      },
      "1": {
        "loc": {
          "start": {
            "line": 29,
            "column": 6
          },
          "end": {
            "line": 31,
            "column": 7
          }
        },
        "type": "if",
        "locations": [
          {
            "start": {
              "line": 29,
              "column": 6
            },
            "end": {
              "line": 31,
              "column": 7
            }
          },
          {
            "start": {
              "line": 29,
              "column": 6
            },
            "end": {
              "line": 31,
              "column": 7
            }
          }
        ],
        "line": 29
      }
    },
    "s": {
      "0": 4,
      "1": 0,
      "2": 0,
      "3": 0,
      "4": 0,
      "5": 0,
      "6": 0,
      "7": 4,
      "8": 0,
      "9": 0,
      "10": 0,
      "11": 0,
      "12": 0,
      "13": 0,
      "14": 0,
      "15": 4,
      "16": 4,
      "17": 4,
      "18": 0,
      "19": 0,
      "20": 0,
      "21": 0,
      "22": 0,
      "23": 0,
      "24": 0,
      "25": 0,
      "26": 0,
      "27": 4
    },
    "f": {
      "0": 0,
      "1": 0,
      "2": 4,
      "3": 0,
      "4": 0,
      "5": 0,
      "6": 0,
      "7": 0
    },
    "b": {
      "0": [
        0,
        0
      ],
      "1": [
        0,
        0
      ]
    },
    "_coverageSchema": "1a1c01bbd47fc00a2c39e90264f33305004495a9",
    "hash": "1e6ce70d9e977b47d5ae2b5de2e6ba1fc52be4dd"
  },
  "/Users/vlad/Kavume/RS_school/react-app/src/components/SearchBar/SearchBar.tsx": {
    "path": "/Users/vlad/Kavume/RS_school/react-app/src/components/SearchBar/SearchBar.tsx",
    "statementMap": {
      "0": {
        "start": {
          "line": 8,
          "column": 18
        },
        "end": {
          "line": 38,
          "column": 1
        }
      },
      "1": {
        "start": {
          "line": 9,
          "column": 19
        },
        "end": {
          "line": 9,
          "column": 35
        }
      },
      "2": {
        "start": {
          "line": 10,
          "column": 21
        },
        "end": {
          "line": 10,
          "column": 66
        }
      },
      "3": {
        "start": {
          "line": 10,
          "column": 47
        },
        "end": {
          "line": 10,
          "column": 65
        }
      },
      "4": {
        "start": {
          "line": 12,
          "column": 23
        },
        "end": {
          "line": 15,
          "column": 3
        }
      },
      "5": {
        "start": {
          "line": 13,
          "column": 23
        },
        "end": {
          "line": 13,
          "column": 48
        }
      },
      "6": {
        "start": {
          "line": 14,
          "column": 4
        },
        "end": {
          "line": 14,
          "column": 40
        }
      },
      "7": {
        "start": {
          "line": 17,
          "column": 24
        },
        "end": {
          "line": 25,
          "column": 3
        }
      },
      "8": {
        "start": {
          "line": 18,
          "column": 4
        },
        "end": {
          "line": 24,
          "column": 5
        }
      },
      "9": {
        "start": {
          "line": 19,
          "column": 6
        },
        "end": {
          "line": 23,
          "column": 7
        }
      },
      "10": {
        "start": {
          "line": 20,
          "column": 8
        },
        "end": {
          "line": 20,
          "column": 34
        }
      },
      "11": {
        "start": {
          "line": 22,
          "column": 8
        },
        "end": {
          "line": 22,
          "column": 50
        }
      },
      "12": {
        "start": {
          "line": 27,
          "column": 2
        },
        "end": {
          "line": 37,
          "column": 4
        }
      }
    },
    "fnMap": {
      "0": {
        "name": "(anonymous_0)",
        "decl": {
          "start": {
            "line": 8,
            "column": 18
          },
          "end": {
            "line": 8,
            "column": 19
          }
        },
        "loc": {
          "start": {
            "line": 8,
            "column": 24
          },
          "end": {
            "line": 38,
            "column": 1
          }
        },
        "line": 8
      },
      "1": {
        "name": "(anonymous_1)",
        "decl": {
          "start": {
            "line": 10,
            "column": 36
          },
          "end": {
            "line": 10,
            "column": 37
          }
        },
        "loc": {
          "start": {
            "line": 10,
            "column": 47
          },
          "end": {
            "line": 10,
            "column": 65
          }
        },
        "line": 10
      },
      "2": {
        "name": "(anonymous_2)",
        "decl": {
          "start": {
            "line": 12,
            "column": 23
          },
          "end": {
            "line": 12,
            "column": 24
          }
        },
        "loc": {
          "start": {
            "line": 12,
            "column": 65
          },
          "end": {
            "line": 15,
            "column": 3
          }
        },
        "line": 12
      },
      "3": {
        "name": "(anonymous_3)",
        "decl": {
          "start": {
            "line": 17,
            "column": 24
          },
          "end": {
            "line": 17,
            "column": 25
          }
        },
        "loc": {
          "start": {
            "line": 17,
            "column": 74
          },
          "end": {
            "line": 25,
            "column": 3
          }
        },
        "line": 17
      }
    },
    "branchMap": {
      "0": {
        "loc": {
          "start": {
            "line": 18,
            "column": 4
          },
          "end": {
            "line": 24,
            "column": 5
          }
        },
        "type": "if",
        "locations": [
          {
            "start": {
              "line": 18,
              "column": 4
            },
            "end": {
              "line": 24,
              "column": 5
            }
          },
          {
            "start": {
              "line": 18,
              "column": 4
            },
            "end": {
              "line": 24,
              "column": 5
            }
          }
        ],
        "line": 18
      },
      "1": {
        "loc": {
          "start": {
            "line": 19,
            "column": 6
          },
          "end": {
            "line": 23,
            "column": 7
          }
        },
        "type": "if",
        "locations": [
          {
            "start": {
              "line": 19,
              "column": 6
            },
            "end": {
              "line": 23,
              "column": 7
            }
          },
          {
            "start": {
              "line": 19,
              "column": 6
            },
            "end": {
              "line": 23,
              "column": 7
            }
          }
        ],
        "line": 19
      }
    },
    "s": {
      "0": 4,
      "1": 0,
      "2": 0,
      "3": 0,
      "4": 0,
      "5": 0,
      "6": 0,
      "7": 0,
      "8": 0,
      "9": 0,
      "10": 0,
      "11": 0,
      "12": 0
    },
    "f": {
      "0": 0,
      "1": 0,
      "2": 0,
      "3": 0
    },
    "b": {
      "0": [
        0,
        0
      ],
      "1": [
        0,
        0
      ]
    },
    "_coverageSchema": "1a1c01bbd47fc00a2c39e90264f33305004495a9",
    "hash": "d9bd5cfb23090016e520fe3989d730f5fe5c30e5"
  },
  "/Users/vlad/Kavume/RS_school/react-app/src/components/SearchBar/index.tsx": {
    "path": "/Users/vlad/Kavume/RS_school/react-app/src/components/SearchBar/index.tsx",
    "statementMap": {},
    "fnMap": {},
    "branchMap": {},
    "s": {},
    "f": {},
    "b": {},
    "_coverageSchema": "1a1c01bbd47fc00a2c39e90264f33305004495a9",
    "hash": "e6ef592e57a033744cd1781360870a5a3e5b6936"
  },
  "/Users/vlad/Kavume/RS_school/react-app/src/components/Card/LikeIcon/LikeIcon.tsx": {
    "path": "/Users/vlad/Kavume/RS_school/react-app/src/components/Card/LikeIcon/LikeIcon.tsx",
    "statementMap": {
      "0": {
        "start": {
          "line": 9,
          "column": 17
        },
        "end": {
          "line": 25,
          "column": 1
        }
      },
      "1": {
        "start": {
          "line": 10,
          "column": 2
        },
        "end": {
          "line": 24,
          "column": 4
        }
      }
    },
    "fnMap": {
      "0": {
        "name": "(anonymous_0)",
        "decl": {
          "start": {
            "line": 9,
            "column": 17
          },
          "end": {
            "line": 9,
            "column": 18
          }
        },
        "loc": {
          "start": {
            "line": 9,
            "column": 43
          },
          "end": {
            "line": 25,
            "column": 1
          }
        },
        "line": 9
      }
    },
    "branchMap": {},
    "s": {
      "0": 4,
      "1": 0
    },
    "f": {
      "0": 0
    },
    "b": {},
    "_coverageSchema": "1a1c01bbd47fc00a2c39e90264f33305004495a9",
    "hash": "e75e71422a8a704434d5f202c82b51d6558c3fdf"
  },
  "/Users/vlad/Kavume/RS_school/react-app/src/components/Card/LikeIcon/index.tsx": {
    "path": "/Users/vlad/Kavume/RS_school/react-app/src/components/Card/LikeIcon/index.tsx",
    "statementMap": {},
    "fnMap": {},
    "branchMap": {},
    "s": {},
    "f": {},
    "b": {},
    "_coverageSchema": "1a1c01bbd47fc00a2c39e90264f33305004495a9",
    "hash": "5538f0e66f636212e8eb6fb486f324128d9f6e05"
  },
  "/Users/vlad/Kavume/RS_school/react-app/src/components/common/Button/Button.tsx": {
    "path": "/Users/vlad/Kavume/RS_school/react-app/src/components/common/Button/Button.tsx",
    "statementMap": {
      "0": {
        "start": {
          "line": 13,
          "column": 4
        },
        "end": {
          "line": 13,
          "column": 17
        }
      },
      "1": {
        "start": {
          "line": 17,
          "column": 4
        },
        "end": {
          "line": 26,
          "column": 6
        }
      }
    },
    "fnMap": {
      "0": {
        "name": "(anonymous_0)",
        "decl": {
          "start": {
            "line": 12,
            "column": 2
          },
          "end": {
            "line": 12,
            "column": 3
          }
        },
        "loc": {
          "start": {
            "line": 12,
            "column": 34
          },
          "end": {
            "line": 14,
            "column": 3
          }
        },
        "line": 12
      },
      "1": {
        "name": "(anonymous_1)",
        "decl": {
          "start": {
            "line": 16,
            "column": 2
          },
          "end": {
            "line": 16,
            "column": 3
          }
        },
        "loc": {
          "start": {
            "line": 16,
            "column": 11
          },
          "end": {
            "line": 27,
            "column": 3
          }
        },
        "line": 16
      }
    },
    "branchMap": {
      "0": {
        "loc": {
          "start": {
            "line": 20,
            "column": 10
          },
          "end": {
            "line": 20,
            "column": 78
          }
        },
        "type": "cond-expr",
        "locations": [
          {
            "start": {
              "line": 20,
              "column": 33
            },
            "end": {
              "line": 20,
              "column": 53
            }
          },
          {
            "start": {
              "line": 20,
              "column": 56
            },
            "end": {
              "line": 20,
              "column": 78
            }
          }
        ],
        "line": 20
      }
    },
    "s": {
      "0": 16,
      "1": 24
    },
    "f": {
      "0": 16,
      "1": 24
    },
    "b": {
      "0": [
        0,
        24
      ]
    },
    "_coverageSchema": "1a1c01bbd47fc00a2c39e90264f33305004495a9",
    "hash": "84594db606be313f11b717ca424d8d6ae3cbd990"
  },
  "/Users/vlad/Kavume/RS_school/react-app/src/components/common/Button/index.tsx": {
    "path": "/Users/vlad/Kavume/RS_school/react-app/src/components/common/Button/index.tsx",
    "statementMap": {},
    "fnMap": {},
    "branchMap": {},
    "s": {},
    "f": {},
    "b": {},
    "_coverageSchema": "1a1c01bbd47fc00a2c39e90264f33305004495a9",
    "hash": "ecae5baafd43ab47b611d430de709ab830ddcbc1"
  },
  "/Users/vlad/Kavume/RS_school/react-app/src/components/common/CloseIcon/CloseIcon.tsx": {
    "path": "/Users/vlad/Kavume/RS_school/react-app/src/components/common/CloseIcon/CloseIcon.tsx",
    "statementMap": {
      "0": {
        "start": {
          "line": 10,
          "column": 18
        },
        "end": {
          "line": 35,
          "column": 1
        }
      },
      "1": {
        "start": {
          "line": 11,
          "column": 2
        },
        "end": {
          "line": 34,
          "column": 4
        }
      }
    },
    "fnMap": {
      "0": {
        "name": "(anonymous_0)",
        "decl": {
          "start": {
            "line": 10,
            "column": 18
          },
          "end": {
            "line": 10,
            "column": 19
          }
        },
        "loc": {
          "start": {
            "line": 10,
            "column": 45
          },
          "end": {
            "line": 35,
            "column": 1
          }
        },
        "line": 10
      }
    },
    "branchMap": {},
    "s": {
      "0": 4,
      "1": 0
    },
    "f": {
      "0": 0
    },
    "b": {},
    "_coverageSchema": "1a1c01bbd47fc00a2c39e90264f33305004495a9",
    "hash": "43df58e84672549539d289f6bebcdfe95e26047b"
  },
  "/Users/vlad/Kavume/RS_school/react-app/src/components/common/CloseIcon/index.tsx": {
    "path": "/Users/vlad/Kavume/RS_school/react-app/src/components/common/CloseIcon/index.tsx",
    "statementMap": {},
    "fnMap": {},
    "branchMap": {},
    "s": {},
    "f": {},
    "b": {},
    "_coverageSchema": "1a1c01bbd47fc00a2c39e90264f33305004495a9",
    "hash": "778062f9f496f2ca787c606035090010b32271a6"
  },
  "/Users/vlad/Kavume/RS_school/react-app/src/components/common/Modal/Modal.tsx": {
    "path": "/Users/vlad/Kavume/RS_school/react-app/src/components/common/Modal/Modal.tsx",
    "statementMap": {
      "0": {
        "start": {
          "line": 16,
          "column": 14
        },
        "end": {
          "line": 46,
          "column": 1
        }
      },
      "1": {
        "start": {
          "line": 17,
          "column": 2
        },
        "end": {
          "line": 45,
          "column": 4
        }
      }
    },
    "fnMap": {
      "0": {
        "name": "(anonymous_0)",
        "decl": {
          "start": {
            "line": 16,
            "column": 14
          },
          "end": {
            "line": 16,
            "column": 15
          }
        },
        "loc": {
          "start": {
            "line": 16,
            "column": 37
          },
          "end": {
            "line": 46,
            "column": 1
          }
        },
        "line": 16
      }
    },
    "branchMap": {},
    "s": {
      "0": 4,
      "1": 0
    },
    "f": {
      "0": 0
    },
    "b": {},
    "_coverageSchema": "1a1c01bbd47fc00a2c39e90264f33305004495a9",
    "hash": "36abc8bf4bff3b31e8701871b93e26aecd718696"
  },
  "/Users/vlad/Kavume/RS_school/react-app/src/components/common/Modal/index.tsx": {
    "path": "/Users/vlad/Kavume/RS_school/react-app/src/components/common/Modal/index.tsx",
    "statementMap": {},
    "fnMap": {},
    "branchMap": {},
    "s": {},
    "f": {},
    "b": {},
    "_coverageSchema": "1a1c01bbd47fc00a2c39e90264f33305004495a9",
    "hash": "8cc435d8837cfcfb24b61198600ef88d33aca272"
  },
  "/Users/vlad/Kavume/RS_school/react-app/src/components/Card/Card.tsx": {
    "path": "/Users/vlad/Kavume/RS_school/react-app/src/components/Card/Card.tsx",
    "statementMap": {
      "0": {
        "start": {
          "line": 19,
          "column": 13
        },
        "end": {
          "line": 88,
          "column": 1
        }
      },
      "1": {
        "start": {
          "line": 20,
          "column": 40
        },
        "end": {
          "line": 20,
          "column": 55
        }
      },
      "2": {
        "start": {
          "line": 21,
          "column": 40
        },
        "end": {
          "line": 21,
          "column": 55
        }
      },
      "3": {
        "start": {
          "line": 23,
          "column": 2
        },
        "end": {
          "line": 29,
          "column": 20
        }
      },
      "4": {
        "start": {
          "line": 24,
          "column": 18
        },
        "end": {
          "line": 24,
          "column": 29
        }
      },
      "5": {
        "start": {
          "line": 25,
          "column": 4
        },
        "end": {
          "line": 27,
          "column": 6
        }
      },
      "6": {
        "start": {
          "line": 26,
          "column": 6
        },
        "end": {
          "line": 26,
          "column": 27
        }
      },
      "7": {
        "start": {
          "line": 28,
          "column": 4
        },
        "end": {
          "line": 28,
          "column": 28
        }
      },
      "8": {
        "start": {
          "line": 31,
          "column": 2
        },
        "end": {
          "line": 39,
          "column": 33
        }
      },
      "9": {
        "start": {
          "line": 32,
          "column": 4
        },
        "end": {
          "line": 38,
          "column": 5
        }
      },
      "10": {
        "start": {
          "line": 33,
          "column": 20
        },
        "end": {
          "line": 33,
          "column": 31
        }
      },
      "11": {
        "start": {
          "line": 34,
          "column": 6
        },
        "end": {
          "line": 36,
          "column": 8
        }
      },
      "12": {
        "start": {
          "line": 35,
          "column": 8
        },
        "end": {
          "line": 35,
          "column": 29
        }
      },
      "13": {
        "start": {
          "line": 37,
          "column": 6
        },
        "end": {
          "line": 37,
          "column": 30
        }
      },
      "14": {
        "start": {
          "line": 41,
          "column": 26
        },
        "end": {
          "line": 44,
          "column": 3
        }
      },
      "15": {
        "start": {
          "line": 42,
          "column": 4
        },
        "end": {
          "line": 42,
          "column": 25
        }
      },
      "16": {
        "start": {
          "line": 43,
          "column": 4
        },
        "end": {
          "line": 43,
          "column": 44
        }
      },
      "17": {
        "start": {
          "line": 46,
          "column": 27
        },
        "end": {
          "line": 49,
          "column": 3
        }
      },
      "18": {
        "start": {
          "line": 47,
          "column": 4
        },
        "end": {
          "line": 47,
          "column": 26
        }
      },
      "19": {
        "start": {
          "line": 48,
          "column": 4
        },
        "end": {
          "line": 48,
          "column": 42
        }
      },
      "20": {
        "start": {
          "line": 51,
          "column": 2
        },
        "end": {
          "line": 87,
          "column": 4
        }
      },
      "21": {
        "start": {
          "line": 55,
          "column": 25
        },
        "end": {
          "line": 55,
          "column": 43
        }
      },
      "22": {
        "start": {
          "line": 84,
          "column": 68
        },
        "end": {
          "line": 84,
          "column": 85
        }
      }
    },
    "fnMap": {
      "0": {
        "name": "(anonymous_0)",
        "decl": {
          "start": {
            "line": 19,
            "column": 13
          },
          "end": {
            "line": 19,
            "column": 14
          }
        },
        "loc": {
          "start": {
            "line": 19,
            "column": 35
          },
          "end": {
            "line": 88,
            "column": 1
          }
        },
        "line": 19
      },
      "1": {
        "name": "(anonymous_1)",
        "decl": {
          "start": {
            "line": 23,
            "column": 12
          },
          "end": {
            "line": 23,
            "column": 13
          }
        },
        "loc": {
          "start": {
            "line": 23,
            "column": 18
          },
          "end": {
            "line": 29,
            "column": 3
          }
        },
        "line": 23
      },
      "2": {
        "name": "(anonymous_2)",
        "decl": {
          "start": {
            "line": 25,
            "column": 19
          },
          "end": {
            "line": 25,
            "column": 20
          }
        },
        "loc": {
          "start": {
            "line": 25,
            "column": 25
          },
          "end": {
            "line": 27,
            "column": 5
          }
        },
        "line": 25
      },
      "3": {
        "name": "(anonymous_3)",
        "decl": {
          "start": {
            "line": 31,
            "column": 12
          },
          "end": {
            "line": 31,
            "column": 13
          }
        },
        "loc": {
          "start": {
            "line": 31,
            "column": 18
          },
          "end": {
            "line": 39,
            "column": 3
          }
        },
        "line": 31
      },
      "4": {
        "name": "(anonymous_4)",
        "decl": {
          "start": {
            "line": 34,
            "column": 21
          },
          "end": {
            "line": 34,
            "column": 22
          }
        },
        "loc": {
          "start": {
            "line": 34,
            "column": 27
          },
          "end": {
            "line": 36,
            "column": 7
          }
        },
        "line": 34
      },
      "5": {
        "name": "(anonymous_5)",
        "decl": {
          "start": {
            "line": 41,
            "column": 26
          },
          "end": {
            "line": 41,
            "column": 27
          }
        },
        "loc": {
          "start": {
            "line": 41,
            "column": 32
          },
          "end": {
            "line": 44,
            "column": 3
          }
        },
        "line": 41
      },
      "6": {
        "name": "(anonymous_6)",
        "decl": {
          "start": {
            "line": 46,
            "column": 27
          },
          "end": {
            "line": 46,
            "column": 28
          }
        },
        "loc": {
          "start": {
            "line": 46,
            "column": 33
          },
          "end": {
            "line": 49,
            "column": 3
          }
        },
        "line": 46
      },
      "7": {
        "name": "(anonymous_7)",
        "decl": {
          "start": {
            "line": 55,
            "column": 19
          },
          "end": {
            "line": 55,
            "column": 20
          }
        },
        "loc": {
          "start": {
            "line": 55,
            "column": 25
          },
          "end": {
            "line": 55,
            "column": 43
          }
        },
        "line": 55
      },
      "8": {
        "name": "(anonymous_8)",
        "decl": {
          "start": {
            "line": 84,
            "column": 62
          },
          "end": {
            "line": 84,
            "column": 63
          }
        },
        "loc": {
          "start": {
            "line": 84,
            "column": 68
          },
          "end": {
            "line": 84,
            "column": 85
          }
        },
        "line": 84
      }
    },
    "branchMap": {
      "0": {
        "loc": {
          "start": {
            "line": 32,
            "column": 4
          },
          "end": {
            "line": 38,
            "column": 5
          }
        },
        "type": "if",
        "locations": [
          {
            "start": {
              "line": 32,
              "column": 4
            },
            "end": {
              "line": 38,
              "column": 5
            }
          },
          {
            "start": {
              "line": 32,
              "column": 4
            },
            "end": {
              "line": 38,
              "column": 5
            }
          }
        ],
        "line": 32
      },
      "1": {
        "loc": {
          "start": {
            "line": 32,
            "column": 8
          },
          "end": {
            "line": 32,
            "column": 41
          }
        },
        "type": "binary-expr",
        "locations": [
          {
            "start": {
              "line": 32,
              "column": 8
            },
            "end": {
              "line": 32,
              "column": 19
            }
          },
          {
            "start": {
              "line": 32,
              "column": 23
            },
            "end": {
              "line": 32,
              "column": 41
            }
          }
        ],
        "line": 32
      },
      "2": {
        "loc": {
          "start": {
            "line": 53,
            "column": 7
          },
          "end": {
            "line": 66,
            "column": 7
          }
        },
        "type": "cond-expr",
        "locations": [
          {
            "start": {
              "line": 54,
              "column": 8
            },
            "end": {
              "line": 63,
              "column": 10
            }
          },
          {
            "start": {
              "line": 65,
              "column": 8
            },
            "end": {
              "line": 65,
              "column": 10
            }
          }
        ],
        "line": 53
      },
      "3": {
        "loc": {
          "start": {
            "line": 68,
            "column": 9
          },
          "end": {
            "line": 72,
            "column": 9
          }
        },
        "type": "cond-expr",
        "locations": [
          {
            "start": {
              "line": 69,
              "column": 10
            },
            "end": {
              "line": 69,
              "column": 77
            }
          },
          {
            "start": {
              "line": 71,
              "column": 10
            },
            "end": {
              "line": 71,
              "column": 74
            }
          }
        ],
        "line": 68
      }
    },
    "s": {
      "0": 4,
      "1": 0,
      "2": 0,
      "3": 0,
      "4": 0,
      "5": 0,
      "6": 0,
      "7": 0,
      "8": 0,
      "9": 0,
      "10": 0,
      "11": 0,
      "12": 0,
      "13": 0,
      "14": 0,
      "15": 0,
      "16": 0,
      "17": 0,
      "18": 0,
      "19": 0,
      "20": 0,
      "21": 0,
      "22": 0
    },
    "f": {
      "0": 0,
      "1": 0,
      "2": 0,
      "3": 0,
      "4": 0,
      "5": 0,
      "6": 0,
      "7": 0,
      "8": 0
    },
    "b": {
      "0": [
        0,
        0
      ],
      "1": [
        0,
        0
      ],
      "2": [
        0,
        0
      ],
      "3": [
        0,
        0
      ]
    },
    "_coverageSchema": "1a1c01bbd47fc00a2c39e90264f33305004495a9",
    "hash": "c560cef1c1f58d6098b1234e69e58a14cf9c5bfa"
  },
  "/Users/vlad/Kavume/RS_school/react-app/src/components/Card/index.tsx": {
    "path": "/Users/vlad/Kavume/RS_school/react-app/src/components/Card/index.tsx",
    "statementMap": {},
    "fnMap": {},
    "branchMap": {},
    "s": {},
    "f": {},
    "b": {},
    "_coverageSchema": "1a1c01bbd47fc00a2c39e90264f33305004495a9",
    "hash": "018a2d8a86ff447f50c64e4d864e4ad84c22f2dd"
  },
  "/Users/vlad/Kavume/RS_school/react-app/src/components/common/Loading/Loading.tsx": {
    "path": "/Users/vlad/Kavume/RS_school/react-app/src/components/common/Loading/Loading.tsx",
    "statementMap": {
      "0": {
        "start": {
          "line": 5,
          "column": 16
        },
        "end": {
          "line": 12,
          "column": 1
        }
      },
      "1": {
        "start": {
          "line": 6,
          "column": 17
        },
        "end": {
          "line": 6,
          "column": 70
        }
      },
      "2": {
        "start": {
          "line": 6,
          "column": 43
        },
        "end": {
          "line": 6,
          "column": 69
        }
      },
      "3": {
        "start": {
          "line": 7,
          "column": 2
        },
        "end": {
          "line": 11,
          "column": 4
        }
      }
    },
    "fnMap": {
      "0": {
        "name": "(anonymous_0)",
        "decl": {
          "start": {
            "line": 5,
            "column": 16
          },
          "end": {
            "line": 5,
            "column": 17
          }
        },
        "loc": {
          "start": {
            "line": 5,
            "column": 22
          },
          "end": {
            "line": 12,
            "column": 1
          }
        },
        "line": 5
      },
      "1": {
        "name": "(anonymous_1)",
        "decl": {
          "start": {
            "line": 6,
            "column": 32
          },
          "end": {
            "line": 6,
            "column": 33
          }
        },
        "loc": {
          "start": {
            "line": 6,
            "column": 43
          },
          "end": {
            "line": 6,
            "column": 69
          }
        },
        "line": 6
      }
    },
    "branchMap": {},
    "s": {
      "0": 4,
      "1": 0,
      "2": 0,
      "3": 0
    },
    "f": {
      "0": 0,
      "1": 0
    },
    "b": {},
    "_coverageSchema": "1a1c01bbd47fc00a2c39e90264f33305004495a9",
    "hash": "7f15e818debb82991cade82c045493a8fb0d72a5"
  },
  "/Users/vlad/Kavume/RS_school/react-app/src/components/common/Loading/index.tsx": {
    "path": "/Users/vlad/Kavume/RS_school/react-app/src/components/common/Loading/index.tsx",
    "statementMap": {},
    "fnMap": {},
    "branchMap": {},
    "s": {},
    "f": {},
    "b": {},
    "_coverageSchema": "1a1c01bbd47fc00a2c39e90264f33305004495a9",
    "hash": "2e2cda08232ba01d3c587c1a86fc8bfbcf69d06b"
  },
  "/Users/vlad/Kavume/RS_school/react-app/src/pages/HomePage/HomePage.tsx": {
    "path": "/Users/vlad/Kavume/RS_school/react-app/src/pages/HomePage/HomePage.tsx",
    "statementMap": {
      "0": {
        "start": {
          "line": 9,
          "column": 17
        },
        "end": {
          "line": 48,
          "column": 1
        }
      },
      "1": {
        "start": {
          "line": 10,
          "column": 16
        },
        "end": {
          "line": 10,
          "column": 68
        }
      },
      "2": {
        "start": {
          "line": 10,
          "column": 42
        },
        "end": {
          "line": 10,
          "column": 67
        }
      },
      "3": {
        "start": {
          "line": 11,
          "column": 19
        },
        "end": {
          "line": 11,
          "column": 35
        }
      },
      "4": {
        "start": {
          "line": 13,
          "column": 2
        },
        "end": {
          "line": 15,
          "column": 17
        }
      },
      "5": {
        "start": {
          "line": 14,
          "column": 4
        },
        "end": {
          "line": 14,
          "column": 30
        }
      },
      "6": {
        "start": {
          "line": 17,
          "column": 2
        },
        "end": {
          "line": 47,
          "column": 4
        }
      },
      "7": {
        "start": {
          "line": 30,
          "column": 12
        },
        "end": {
          "line": 43,
          "column": 14
        }
      }
    },
    "fnMap": {
      "0": {
        "name": "(anonymous_0)",
        "decl": {
          "start": {
            "line": 9,
            "column": 17
          },
          "end": {
            "line": 9,
            "column": 18
          }
        },
        "loc": {
          "start": {
            "line": 9,
            "column": 23
          },
          "end": {
            "line": 48,
            "column": 1
          }
        },
        "line": 9
      },
      "1": {
        "name": "(anonymous_1)",
        "decl": {
          "start": {
            "line": 10,
            "column": 31
          },
          "end": {
            "line": 10,
            "column": 32
          }
        },
        "loc": {
          "start": {
            "line": 10,
            "column": 42
          },
          "end": {
            "line": 10,
            "column": 67
          }
        },
        "line": 10
      },
      "2": {
        "name": "(anonymous_2)",
        "decl": {
          "start": {
            "line": 13,
            "column": 12
          },
          "end": {
            "line": 13,
            "column": 13
          }
        },
        "loc": {
          "start": {
            "line": 13,
            "column": 18
          },
          "end": {
            "line": 15,
            "column": 3
          }
        },
        "line": 13
      },
      "3": {
        "name": "(anonymous_3)",
        "decl": {
          "start": {
            "line": 29,
            "column": 20
          },
          "end": {
            "line": 29,
            "column": 21
          }
        },
        "loc": {
          "start": {
            "line": 30,
            "column": 12
          },
          "end": {
            "line": 43,
            "column": 14
          }
        },
        "line": 30
      }
    },
    "branchMap": {
      "0": {
        "loc": {
          "start": {
            "line": 28,
            "column": 9
          },
          "end": {
            "line": 44,
            "column": 12
          }
        },
        "type": "binary-expr",
        "locations": [
          {
            "start": {
              "line": 28,
              "column": 9
            },
            "end": {
              "line": 28,
              "column": 14
            }
          },
          {
            "start": {
              "line": 29,
              "column": 10
            },
            "end": {
              "line": 44,
              "column": 12
            }
          }
        ],
        "line": 28
      },
      "1": {
        "loc": {
          "start": {
            "line": 33,
            "column": 16
          },
          "end": {
            "line": 33,
            "column": 100
          }
        },
        "type": "cond-expr",
        "locations": [
          {
            "start": {
              "line": 33,
              "column": 53
            },
            "end": {
              "line": 33,
              "column": 73
            }
          },
          {
            "start": {
              "line": 33,
              "column": 76
            },
            "end": {
              "line": 33,
              "column": 100
            }
          }
        ],
        "line": 33
      },
      "2": {
        "loc": {
          "start": {
            "line": 37,
            "column": 19
          },
          "end": {
            "line": 37,
            "column": 86
          }
        },
        "type": "binary-expr",
        "locations": [
          {
            "start": {
              "line": 37,
              "column": 19
            },
            "end": {
              "line": 37,
              "column": 47
            }
          },
          {
            "start": {
              "line": 37,
              "column": 51
            },
            "end": {
              "line": 37,
              "column": 86
            }
          }
        ],
        "line": 37
      }
    },
    "s": {
      "0": 4,
      "1": 0,
      "2": 0,
      "3": 0,
      "4": 0,
      "5": 0,
      "6": 0,
      "7": 0
    },
    "f": {
      "0": 0,
      "1": 0,
      "2": 0,
      "3": 0
    },
    "b": {
      "0": [
        0,
        0
      ],
      "1": [
        0,
        0
      ],
      "2": [
        0,
        0
      ]
    },
    "_coverageSchema": "1a1c01bbd47fc00a2c39e90264f33305004495a9",
    "hash": "3c3563ab4d448c95fa92844842e5ed6d453c2bda"
  },
  "/Users/vlad/Kavume/RS_school/react-app/src/pages/HomePage/index.tsx": {
    "path": "/Users/vlad/Kavume/RS_school/react-app/src/pages/HomePage/index.tsx",
    "statementMap": {},
    "fnMap": {},
    "branchMap": {},
    "s": {},
    "f": {},
    "b": {},
    "_coverageSchema": "1a1c01bbd47fc00a2c39e90264f33305004495a9",
    "hash": "9475b17e462a5d0796cd7dd7d9c638fb18d02fac"
  },
  "/Users/vlad/Kavume/RS_school/react-app/src/pages/NotFoundPage/NotFoundPage.tsx": {
    "path": "/Users/vlad/Kavume/RS_school/react-app/src/pages/NotFoundPage/NotFoundPage.tsx",
    "statementMap": {
      "0": {
        "start": {
          "line": 6,
          "column": 21
        },
        "end": {
          "line": 21,
          "column": 1
        }
      },
      "1": {
        "start": {
          "line": 7,
          "column": 2
        },
        "end": {
          "line": 20,
          "column": 4
        }
      }
    },
    "fnMap": {
      "0": {
        "name": "(anonymous_0)",
        "decl": {
          "start": {
            "line": 6,
            "column": 21
          },
          "end": {
            "line": 6,
            "column": 22
          }
        },
        "loc": {
          "start": {
            "line": 6,
            "column": 27
          },
          "end": {
            "line": 21,
            "column": 1
          }
        },
        "line": 6
      }
    },
    "branchMap": {},
    "s": {
      "0": 4,
      "1": 0
    },
    "f": {
      "0": 0
    },
    "b": {},
    "_coverageSchema": "1a1c01bbd47fc00a2c39e90264f33305004495a9",
    "hash": "0c6d42f005654068434b11217251c23ecb068b02"
  },
  "/Users/vlad/Kavume/RS_school/react-app/src/pages/NotFoundPage/index.tsx": {
    "path": "/Users/vlad/Kavume/RS_school/react-app/src/pages/NotFoundPage/index.tsx",
    "statementMap": {},
    "fnMap": {},
    "branchMap": {},
    "s": {},
    "f": {},
    "b": {},
    "_coverageSchema": "1a1c01bbd47fc00a2c39e90264f33305004495a9",
    "hash": "32cc667a8c00e3ad415a2d9a33eaea39398c46fd"
  },
  "/Users/vlad/Kavume/RS_school/react-app/src/pages/AboutUs/AboutUs.tsx": {
    "path": "/Users/vlad/Kavume/RS_school/react-app/src/pages/AboutUs/AboutUs.tsx",
    "statementMap": {
      "0": {
        "start": {
          "line": 3,
          "column": 16
        },
        "end": {
          "line": 9,
          "column": 1
        }
      },
      "1": {
        "start": {
          "line": 4,
          "column": 2
        },
        "end": {
          "line": 8,
          "column": 4
        }
      }
    },
    "fnMap": {
      "0": {
        "name": "(anonymous_0)",
        "decl": {
          "start": {
            "line": 3,
            "column": 16
          },
          "end": {
            "line": 3,
            "column": 17
          }
        },
        "loc": {
          "start": {
            "line": 3,
            "column": 22
          },
          "end": {
            "line": 9,
            "column": 1
          }
        },
        "line": 3
      }
    },
    "branchMap": {},
    "s": {
      "0": 4,
      "1": 0
    },
    "f": {
      "0": 0
    },
    "b": {},
    "_coverageSchema": "1a1c01bbd47fc00a2c39e90264f33305004495a9",
    "hash": "1910b3553756d1256f9c7a3ec024a513caa7ad7e"
  },
  "/Users/vlad/Kavume/RS_school/react-app/src/pages/AboutUs/index.tsx": {
    "path": "/Users/vlad/Kavume/RS_school/react-app/src/pages/AboutUs/index.tsx",
    "statementMap": {},
    "fnMap": {},
    "branchMap": {},
    "s": {},
    "f": {},
    "b": {},
    "_coverageSchema": "1a1c01bbd47fc00a2c39e90264f33305004495a9",
    "hash": "50bc88f31fd1a861d7b907e5e96c4a9e44a1e2b7"
  },
  "/Users/vlad/Kavume/RS_school/react-app/src/components/common/TextInput/TextInput.tsx": {
    "path": "/Users/vlad/Kavume/RS_school/react-app/src/components/common/TextInput/TextInput.tsx",
    "statementMap": {
      "0": {
        "start": {
          "line": 10,
          "column": 18
        },
        "end": {
          "line": 33,
          "column": 2
        }
      },
      "1": {
        "start": {
          "line": 11,
          "column": 2
        },
        "end": {
          "line": 32,
          "column": 4
        }
      }
    },
    "fnMap": {
      "0": {
        "name": "(anonymous_0)",
        "decl": {
          "start": {
            "line": 10,
            "column": 63
          },
          "end": {
            "line": 10,
            "column": 64
          }
        },
        "loc": {
          "start": {
            "line": 10,
            "column": 79
          },
          "end": {
            "line": 33,
            "column": 1
          }
        },
        "line": 10
      }
    },
    "branchMap": {
      "0": {
        "loc": {
          "start": {
            "line": 14,
            "column": 43
          },
          "end": {
            "line": 14,
            "column": 79
          }
        },
        "type": "cond-expr",
        "locations": [
          {
            "start": {
              "line": 14,
              "column": 57
            },
            "end": {
              "line": 14,
              "column": 74
            }
          },
          {
            "start": {
              "line": 14,
              "column": 77
            },
            "end": {
              "line": 14,
              "column": 79
            }
          }
        ],
        "line": 14
      },
      "1": {
        "loc": {
          "start": {
            "line": 22,
            "column": 43
          },
          "end": {
            "line": 22,
            "column": 79
          }
        },
        "type": "cond-expr",
        "locations": [
          {
            "start": {
              "line": 22,
              "column": 57
            },
            "end": {
              "line": 22,
              "column": 74
            }
          },
          {
            "start": {
              "line": 22,
              "column": 77
            },
            "end": {
              "line": 22,
              "column": 79
            }
          }
        ],
        "line": 22
      },
      "2": {
        "loc": {
          "start": {
            "line": 26,
            "column": 7
          },
          "end": {
            "line": 30,
            "column": 7
          }
        },
        "type": "binary-expr",
        "locations": [
          {
            "start": {
              "line": 26,
              "column": 7
            },
            "end": {
              "line": 26,
              "column": 18
            }
          },
          {
            "start": {
              "line": 27,
              "column": 8
            },
            "end": {
              "line": 29,
              "column": 12
            }
          }
        ],
        "line": 26
      }
    },
    "s": {
      "0": 4,
      "1": 32
    },
    "f": {
      "0": 32
    },
    "b": {
      "0": [
        8,
        24
      ],
      "1": [
        8,
        24
      ],
      "2": [
        32,
        8
      ]
    },
    "_coverageSchema": "1a1c01bbd47fc00a2c39e90264f33305004495a9",
    "hash": "6e2ccdd7ab86cfedff32d6ed8ea9bda9bbd8fe97"
  },
  "/Users/vlad/Kavume/RS_school/react-app/src/components/common/TextInput/index.tsx": {
    "path": "/Users/vlad/Kavume/RS_school/react-app/src/components/common/TextInput/index.tsx",
    "statementMap": {},
    "fnMap": {},
    "branchMap": {},
    "s": {},
    "f": {},
    "b": {},
    "_coverageSchema": "1a1c01bbd47fc00a2c39e90264f33305004495a9",
    "hash": "c28d4cfe0fa8b7f97116ab4f20f63c6f78fcdaa7"
  },
  "/Users/vlad/Kavume/RS_school/react-app/src/components/common/DateInput/DateInput.tsx": {
    "path": "/Users/vlad/Kavume/RS_school/react-app/src/components/common/DateInput/DateInput.tsx",
    "statementMap": {
      "0": {
        "start": {
          "line": 9,
          "column": 18
        },
        "end": {
          "line": 28,
          "column": 2
        }
      },
      "1": {
        "start": {
          "line": 10,
          "column": 2
        },
        "end": {
          "line": 27,
          "column": 4
        }
      }
    },
    "fnMap": {
      "0": {
        "name": "(anonymous_0)",
        "decl": {
          "start": {
            "line": 9,
            "column": 63
          },
          "end": {
            "line": 9,
            "column": 64
          }
        },
        "loc": {
          "start": {
            "line": 9,
            "column": 79
          },
          "end": {
            "line": 28,
            "column": 1
          }
        },
        "line": 9
      }
    },
    "branchMap": {
      "0": {
        "loc": {
          "start": {
            "line": 13,
            "column": 43
          },
          "end": {
            "line": 13,
            "column": 79
          }
        },
        "type": "cond-expr",
        "locations": [
          {
            "start": {
              "line": 13,
              "column": 57
            },
            "end": {
              "line": 13,
              "column": 74
            }
          },
          {
            "start": {
              "line": 13,
              "column": 77
            },
            "end": {
              "line": 13,
              "column": 79
            }
          }
        ],
        "line": 13
      },
      "1": {
        "loc": {
          "start": {
            "line": 21,
            "column": 43
          },
          "end": {
            "line": 21,
            "column": 79
          }
        },
        "type": "cond-expr",
        "locations": [
          {
            "start": {
              "line": 21,
              "column": 57
            },
            "end": {
              "line": 21,
              "column": 74
            }
          },
          {
            "start": {
              "line": 21,
              "column": 77
            },
            "end": {
              "line": 21,
              "column": 79
            }
          }
        ],
        "line": 21
      },
      "2": {
        "loc": {
          "start": {
            "line": 25,
            "column": 7
          },
          "end": {
            "line": 25,
            "column": 79
          }
        },
        "type": "binary-expr",
        "locations": [
          {
            "start": {
              "line": 25,
              "column": 7
            },
            "end": {
              "line": 25,
              "column": 18
            }
          },
          {
            "start": {
              "line": 25,
              "column": 22
            },
            "end": {
              "line": 25,
              "column": 79
            }
          }
        ],
        "line": 25
      }
    },
    "s": {
      "0": 4,
      "1": 16
    },
    "f": {
      "0": 16
    },
    "b": {
      "0": [
        4,
        12
      ],
      "1": [
        4,
        12
      ],
      "2": [
        16,
        4
      ]
    },
    "_coverageSchema": "1a1c01bbd47fc00a2c39e90264f33305004495a9",
    "hash": "cb3c0cdedb52c4ac31de825f6950d13f4c26dfb0"
  },
  "/Users/vlad/Kavume/RS_school/react-app/src/components/common/DateInput/index.tsx": {
    "path": "/Users/vlad/Kavume/RS_school/react-app/src/components/common/DateInput/index.tsx",
    "statementMap": {},
    "fnMap": {},
    "branchMap": {},
    "s": {},
    "f": {},
    "b": {},
    "_coverageSchema": "1a1c01bbd47fc00a2c39e90264f33305004495a9",
    "hash": "cea1dabe4f143f00d031a0ae0c92b390c4d53907"
  },
  "/Users/vlad/Kavume/RS_school/react-app/src/components/common/DropdownInput/DropdownInput.tsx": {
    "path": "/Users/vlad/Kavume/RS_school/react-app/src/components/common/DropdownInput/DropdownInput.tsx",
    "statementMap": {
      "0": {
        "start": {
          "line": 12,
          "column": 22
        },
        "end": {
          "line": 37,
          "column": 2
        }
      },
      "1": {
        "start": {
          "line": 13,
          "column": 2
        },
        "end": {
          "line": 36,
          "column": 4
        }
      },
      "2": {
        "start": {
          "line": 29,
          "column": 10
        },
        "end": {
          "line": 31,
          "column": 19
        }
      }
    },
    "fnMap": {
      "0": {
        "name": "(anonymous_0)",
        "decl": {
          "start": {
            "line": 12,
            "column": 72
          },
          "end": {
            "line": 12,
            "column": 73
          }
        },
        "loc": {
          "start": {
            "line": 12,
            "column": 88
          },
          "end": {
            "line": 37,
            "column": 1
          }
        },
        "line": 12
      },
      "1": {
        "name": "(anonymous_1)",
        "decl": {
          "start": {
            "line": 28,
            "column": 27
          },
          "end": {
            "line": 28,
            "column": 28
          }
        },
        "loc": {
          "start": {
            "line": 29,
            "column": 10
          },
          "end": {
            "line": 31,
            "column": 19
          }
        },
        "line": 29
      }
    },
    "branchMap": {
      "0": {
        "loc": {
          "start": {
            "line": 16,
            "column": 43
          },
          "end": {
            "line": 16,
            "column": 79
          }
        },
        "type": "cond-expr",
        "locations": [
          {
            "start": {
              "line": 16,
              "column": 57
            },
            "end": {
              "line": 16,
              "column": 74
            }
          },
          {
            "start": {
              "line": 16,
              "column": 77
            },
            "end": {
              "line": 16,
              "column": 79
            }
          }
        ],
        "line": 16
      },
      "1": {
        "loc": {
          "start": {
            "line": 22,
            "column": 60
          },
          "end": {
            "line": 22,
            "column": 96
          }
        },
        "type": "cond-expr",
        "locations": [
          {
            "start": {
              "line": 22,
              "column": 74
            },
            "end": {
              "line": 22,
              "column": 91
            }
          },
          {
            "start": {
              "line": 22,
              "column": 94
            },
            "end": {
              "line": 22,
              "column": 96
            }
          }
        ],
        "line": 22
      },
      "2": {
        "loc": {
          "start": {
            "line": 34,
            "column": 7
          },
          "end": {
            "line": 34,
            "column": 79
          }
        },
        "type": "binary-expr",
        "locations": [
          {
            "start": {
              "line": 34,
              "column": 7
            },
            "end": {
              "line": 34,
              "column": 18
            }
          },
          {
            "start": {
              "line": 34,
              "column": 22
            },
            "end": {
              "line": 34,
              "column": 79
            }
          }
        ],
        "line": 34
      }
    },
    "s": {
      "0": 4,
      "1": 16,
      "2": 64
    },
    "f": {
      "0": 16,
      "1": 64
    },
    "b": {
      "0": [
        4,
        12
      ],
      "1": [
        4,
        12
      ],
      "2": [
        16,
        4
      ]
    },
    "_coverageSchema": "1a1c01bbd47fc00a2c39e90264f33305004495a9",
    "hash": "8ccc79f523fa93acb1ad3d4aa717271acf7374a4"
  },
  "/Users/vlad/Kavume/RS_school/react-app/src/components/common/DropdownInput/index.tsx": {
    "path": "/Users/vlad/Kavume/RS_school/react-app/src/components/common/DropdownInput/index.tsx",
    "statementMap": {},
    "fnMap": {},
    "branchMap": {},
    "s": {},
    "f": {},
    "b": {},
    "_coverageSchema": "1a1c01bbd47fc00a2c39e90264f33305004495a9",
    "hash": "6ebc395e2960dddd6674b09bed57fbdae1cc2176"
  },
  "/Users/vlad/Kavume/RS_school/react-app/src/components/common/CheckboxInput/CheckboxInput.tsx": {
    "path": "/Users/vlad/Kavume/RS_school/react-app/src/components/common/CheckboxInput/CheckboxInput.tsx",
    "statementMap": {
      "0": {
        "start": {
          "line": 11,
          "column": 22
        },
        "end": {
          "line": 33,
          "column": 2
        }
      },
      "1": {
        "start": {
          "line": 12,
          "column": 2
        },
        "end": {
          "line": 32,
          "column": 4
        }
      },
      "2": {
        "start": {
          "line": 18,
          "column": 8
        },
        "end": {
          "line": 28,
          "column": 14
        }
      }
    },
    "fnMap": {
      "0": {
        "name": "(anonymous_0)",
        "decl": {
          "start": {
            "line": 11,
            "column": 71
          },
          "end": {
            "line": 11,
            "column": 72
          }
        },
        "loc": {
          "start": {
            "line": 11,
            "column": 87
          },
          "end": {
            "line": 33,
            "column": 1
          }
        },
        "line": 11
      },
      "1": {
        "name": "(anonymous_1)",
        "decl": {
          "start": {
            "line": 17,
            "column": 28
          },
          "end": {
            "line": 17,
            "column": 29
          }
        },
        "loc": {
          "start": {
            "line": 18,
            "column": 8
          },
          "end": {
            "line": 28,
            "column": 14
          }
        },
        "line": 18
      }
    },
    "branchMap": {
      "0": {
        "loc": {
          "start": {
            "line": 14,
            "column": 44
          },
          "end": {
            "line": 14,
            "column": 80
          }
        },
        "type": "cond-expr",
        "locations": [
          {
            "start": {
              "line": 14,
              "column": 58
            },
            "end": {
              "line": 14,
              "column": 75
            }
          },
          {
            "start": {
              "line": 14,
              "column": 78
            },
            "end": {
              "line": 14,
              "column": 80
            }
          }
        ],
        "line": 14
      },
      "1": {
        "loc": {
          "start": {
            "line": 30,
            "column": 7
          },
          "end": {
            "line": 30,
            "column": 79
          }
        },
        "type": "binary-expr",
        "locations": [
          {
            "start": {
              "line": 30,
              "column": 7
            },
            "end": {
              "line": 30,
              "column": 18
            }
          },
          {
            "start": {
              "line": 30,
              "column": 22
            },
            "end": {
              "line": 30,
              "column": 79
            }
          }
        ],
        "line": 30
      }
    },
    "s": {
      "0": 4,
      "1": 32,
      "2": 80
    },
    "f": {
      "0": 32,
      "1": 80
    },
    "b": {
      "0": [
        8,
        24
      ],
      "1": [
        32,
        8
      ]
    },
    "_coverageSchema": "1a1c01bbd47fc00a2c39e90264f33305004495a9",
    "hash": "66b0f656dc8050c1c9c61d2ecd5346a0f9f6d80b"
  },
  "/Users/vlad/Kavume/RS_school/react-app/src/components/common/CheckboxInput/index.tsx": {
    "path": "/Users/vlad/Kavume/RS_school/react-app/src/components/common/CheckboxInput/index.tsx",
    "statementMap": {},
    "fnMap": {},
[...]
      "14": {
        "start": {
          "line": 96,
          "column": 16
        },
        "end": {
          "line": 96,
          "column": 87
        }
      },
      "15": {
        "start": {
          "line": 115,
          "column": 16
        },
        "end": {
          "line": 115,
          "column": 86
        }
      },
      "16": {
        "start": {
          "line": 117,
          "column": 16
        },
        "end": {
          "line": 117,
          "column": 87
        }
      },
      "17": {
        "start": {
          "line": 140,
          "column": 16
        },
        "end": {
          "line": 140,
          "column": 83
        }
      },
      "18": {
        "start": {
          "line": 142,
          "column": 16
        },
        "end": {
          "line": 142,
          "column": 89
        }
      }
    },
    "fnMap": {
      "0": {
        "name": "(anonymous_0)",
        "decl": {
          "start": {
            "line": 32,
            "column": 20
          },
          "end": {
            "line": 32,
            "column": 21
          }
        },
        "loc": {
          "start": {
            "line": 32,
            "column": 26
          },
          "end": {
            "line": 180,
            "column": 1
          }
        },
        "line": 32
      },
      "1": {
        "name": "(anonymous_1)",
        "decl": {
          "start": {
            "line": 33,
            "column": 34
          },
          "end": {
            "line": 33,
            "column": 35
          }
        },
        "loc": {
          "start": {
            "line": 33,
            "column": 45
          },
          "end": {
            "line": 33,
            "column": 76
          }
        },
        "line": 33
      },
      "2": {
        "name": "(anonymous_2)",
        "decl": {
          "start": {
            "line": 43,
            "column": 19
          },
          "end": {
            "line": 43,
            "column": 20
          }
        },
        "loc": {
          "start": {
            "line": 43,
            "column": 39
          },
          "end": {
            "line": 54,
            "column": 3
          }
        },
        "line": 43
      },
      "3": {
        "name": "(anonymous_3)",
        "decl": {
          "start": {
            "line": 56,
            "column": 22
          },
          "end": {
            "line": 56,
            "column": 23
          }
        },
        "loc": {
          "start": {
            "line": 56,
            "column": 28
          },
          "end": {
            "line": 59,
            "column": 3
          }
        },
        "line": 56
      },
      "4": {
        "name": "(anonymous_4)",
        "decl": {
          "start": {
            "line": 93,
            "column": 27
          },
          "end": {
            "line": 93,
            "column": 28
          }
        },
        "loc": {
          "start": {
            "line": 94,
            "column": 16
          },
          "end": {
            "line": 94,
            "column": 86
          }
        },
        "line": 94
      },
      "5": {
        "name": "(anonymous_5)",
        "decl": {
          "start": {
            "line": 95,
            "column": 34
          },
          "end": {
            "line": 95,
            "column": 35
          }
        },
        "loc": {
          "start": {
            "line": 96,
            "column": 16
          },
          "end": {
            "line": 96,
            "column": 87
          }
        },
        "line": 96
      },
      "6": {
        "name": "(anonymous_6)",
        "decl": {
          "start": {
            "line": 114,
            "column": 27
          },
          "end": {
            "line": 114,
            "column": 28
          }
        },
        "loc": {
          "start": {
            "line": 115,
            "column": 16
          },
          "end": {
            "line": 115,
            "column": 86
          }
        },
        "line": 115
      },
      "7": {
        "name": "(anonymous_7)",
        "decl": {
          "start": {
            "line": 116,
            "column": 34
          },
          "end": {
            "line": 116,
            "column": 35
          }
        },
        "loc": {
          "start": {
            "line": 117,
            "column": 16
          },
          "end": {
            "line": 117,
            "column": 87
          }
        },
        "line": 117
      },
      "8": {
        "name": "(anonymous_8)",
        "decl": {
          "start": {
            "line": 139,
            "column": 27
          },
          "end": {
            "line": 139,
            "column": 28
          }
        },
        "loc": {
          "start": {
            "line": 140,
            "column": 16
          },
          "end": {
            "line": 140,
            "column": 83
          }
        },
        "line": 140
      },
      "9": {
        "name": "(anonymous_9)",
        "decl": {
          "start": {
            "line": 141,
            "column": 28
          },
          "end": {
            "line": 141,
            "column": 29
          }
        },
        "loc": {
          "start": {
            "line": 142,
            "column": 16
          },
          "end": {
            "line": 142,
            "column": 89
          }
        },
        "line": 142
      }
    },
    "branchMap": {
      "0": {
        "loc": {
          "start": {
            "line": 61,
            "column": 9
          },
          "end": {
            "line": 179,
            "column": 3
          }
        },
        "type": "cond-expr",
        "locations": [
          {
            "start": {
              "line": 62,
              "column": 4
            },
            "end": {
              "line": 65,
              "column": 10
            }
          },
          {
            "start": {
              "line": 67,
              "column": 4
            },
            "end": {
              "line": 178,
              "column": 10
            }
          }
        ],
        "line": 61
      },
      "1": {
        "loc": {
          "start": {
            "line": 94,
            "column": 16
          },
          "end": {
            "line": 94,
            "column": 86
          }
        },
        "type": "binary-expr",
        "locations": [
          {
            "start": {
              "line": 94,
              "column": 16
            },
            "end": {
              "line": 94,
              "column": 42
            }
          },
          {
            "start": {
              "line": 94,
              "column": 46
            },
            "end": {
              "line": 94,
              "column": 86
            }
          }
        ],
        "line": 94
      },
      "2": {
        "loc": {
          "start": {
            "line": 96,
            "column": 16
          },
          "end": {
            "line": 96,
            "column": 87
          }
        },
        "type": "binary-expr",
        "locations": [
          {
            "start": {
              "line": 96,
              "column": 16
            },
            "end": {
              "line": 96,
              "column": 36
            }
          },
          {
            "start": {
              "line": 96,
              "column": 40
            },
            "end": {
              "line": 96,
              "column": 87
            }
          }
        ],
        "line": 96
      },
      "3": {
        "loc": {
          "start": {
            "line": 115,
            "column": 16
          },
          "end": {
            "line": 115,
            "column": 86
          }
        },
        "type": "binary-expr",
        "locations": [
          {
            "start": {
              "line": 115,
              "column": 16
            },
            "end": {
              "line": 115,
              "column": 42
            }
          },
          {
            "start": {
              "line": 115,
              "column": 46
            },
            "end": {
              "line": 115,
              "column": 86
            }
          }
        ],
        "line": 115
      },
      "4": {
        "loc": {
          "start": {
            "line": 117,
            "column": 16
          },
          "end": {
            "line": 117,
            "column": 87
          }
        },
        "type": "binary-expr",
        "locations": [
          {
            "start": {
              "line": 117,
              "column": 16
            },
            "end": {
              "line": 117,
              "column": 36
            }
          },
          {
            "start": {
              "line": 117,
              "column": 40
            },
            "end": {
              "line": 117,
              "column": 87
            }
          }
        ],
        "line": 117
      },
      "5": {
        "loc": {
          "start": {
            "line": 140,
            "column": 16
          },
          "end": {
            "line": 140,
            "column": 83
          }
        },
        "type": "binary-expr",
        "locations": [
          {
            "start": {
              "line": 140,
              "column": 16
            },
            "end": {
              "line": 140,
              "column": 46
            }
          },
          {
            "start": {
              "line": 140,
              "column": 50
            },
            "end": {
              "line": 140,
              "column": 83
            }
          }
        ],
        "line": 140
      },
      "6": {
        "loc": {
          "start": {
            "line": 142,
            "column": 16
          },
          "end": {
            "line": 142,
            "column": 89
          }
        },
        "type": "binary-expr",
        "locations": [
          {
            "start": {
              "line": 142,
              "column": 16
            },
            "end": {
              "line": 142,
              "column": 52
            }
          },
          {
            "start": {
              "line": 142,
              "column": 56
            },
            "end": {
              "line": 142,
              "column": 89
            }
          }
        ],
        "line": 142
      }
    },
    "s": {
      "0": 4,
      "1": 24,
      "2": 28,
      "3": 24,
      "4": 24,
      "5": 24,
      "6": 2,
      "7": 2,
      "8": 2,
      "9": 24,
      "10": 2,
      "11": 2,
      "12": 24,
      "13": 4,
      "14": 2,
      "15": 2,
      "16": 2,
      "17": 2,
      "18": 2
    },
    "f": {
      "0": 24,
      "1": 28,
      "2": 2,
      "3": 2,
      "4": 4,
      "5": 2,
      "6": 2,
      "7": 2,
      "8": 2,
      "9": 2
    },
    "b": {
      "0": [
        8,
        16
      ],
      "1": [
        4,
        2
      ],
      "2": [
        2,
        0
      ],
      "3": [
        2,
        0
      ],
      "4": [
        2,
        0
      ],
      "5": [
        2,
        0
      ],
      "6": [
        2,
        0
      ]
    },
    "_coverageSchema": "1a1c01bbd47fc00a2c39e90264f33305004495a9",
    "hash": "567fbb51b45a65389ce88df2b47266ad32a86df3"
  },
  "/Users/vlad/Kavume/RS_school/react-app/src/components/ContactForm/index.tsx": {
    "path": "/Users/vlad/Kavume/RS_school/react-app/src/components/ContactForm/index.tsx",
    "statementMap": {},
    "fnMap": {},
    "branchMap": {},
    "s": {},
    "f": {},
    "b": {},
    "_coverageSchema": "1a1c01bbd47fc00a2c39e90264f33305004495a9",
    "hash": "f743075ff7b66df0537bd8dd83c94aa0a1770deb"
  },
  "/Users/vlad/Kavume/RS_school/react-app/src/components/ContactForm/ContactFormGetData/ContactFormGetData.tsx": {
    "path": "/Users/vlad/Kavume/RS_school/react-app/src/components/ContactForm/ContactFormGetData/ContactFormGetData.tsx",
    "statementMap": {
      "0": {
        "start": {
          "line": 18,
          "column": 27
        },
        "end": {
          "line": 33,
          "column": 1
        }
      },
      "1": {
        "start": {
          "line": 19,
          "column": 2
        },
        "end": {
          "line": 32,
          "column": 4
        }
      }
    },
    "fnMap": {
      "0": {
        "name": "(anonymous_0)",
        "decl": {
          "start": {
            "line": 18,
            "column": 27
          },
          "end": {
            "line": 18,
            "column": 28
          }
        },
        "loc": {
          "start": {
            "line": 18,
            "column": 63
          },
          "end": {
            "line": 33,
            "column": 1
          }
        },
        "line": 18
      }
    },
    "branchMap": {
      "0": {
        "loc": {
          "start": {
            "line": 26,
            "column": 24
          },
          "end": {
            "line": 26,
            "column": 63
          }
        },
        "type": "cond-expr",
        "locations": [
          {
            "start": {
              "line": 26,
              "column": 51
            },
            "end": {
              "line": 26,
              "column": 56
            }
          },
          {
            "start": {
              "line": 26,
              "column": 59
            },
            "end": {
              "line": 26,
              "column": 63
            }
          }
        ],
        "line": 26
      }
    },
    "s": {
      "0": 4,
      "1": 4
    },
    "f": {
      "0": 4
    },
    "b": {
      "0": [
        4,
        0
      ]
    },
    "_coverageSchema": "1a1c01bbd47fc00a2c39e90264f33305004495a9",
    "hash": "6b4fd9f044d3683be148f34b0791ebb59f2c5e43"
  },
  "/Users/vlad/Kavume/RS_school/react-app/src/pages/ContactFormPage/ContactFormPage.tsx": {
    "path": "/Users/vlad/Kavume/RS_school/react-app/src/pages/ContactFormPage/ContactFormPage.tsx",
    "statementMap": {
      "0": {
        "start": {
          "line": 7,
          "column": 24
        },
        "end": {
          "line": 21,
          "column": 1
        }
      },
      "1": {
        "start": {
          "line": 8,
          "column": 30
        },
        "end": {
          "line": 8,
          "column": 79
        }
      },
      "2": {
        "start": {
          "line": 8,
          "column": 56
        },
        "end": {
          "line": 8,
          "column": 78
        }
      },
      "3": {
        "start": {
          "line": 10,
          "column": 2
        },
        "end": {
          "line": 20,
          "column": 4
        }
      },
      "4": {
        "start": {
          "line": 16,
          "column": 12
        },
        "end": {
          "line": 16,
          "column": 84
        }
      }
    },
    "fnMap": {
      "0": {
        "name": "(anonymous_0)",
        "decl": {
          "start": {
            "line": 7,
            "column": 24
          },
          "end": {
            "line": 7,
            "column": 25
          }
        },
        "loc": {
          "start": {
            "line": 7,
            "column": 30
          },
          "end": {
            "line": 21,
            "column": 1
          }
        },
        "line": 7
      },
      "1": {
        "name": "(anonymous_1)",
        "decl": {
          "start": {
            "line": 8,
            "column": 45
          },
          "end": {
            "line": 8,
            "column": 46
          }
        },
        "loc": {
          "start": {
            "line": 8,
            "column": 56
          },
          "end": {
            "line": 8,
            "column": 78
          }
        },
        "line": 8
      },
      "2": {
        "name": "(anonymous_2)",
        "decl": {
          "start": {
            "line": 15,
            "column": 20
          },
          "end": {
            "line": 15,
            "column": 21
          }
        },
        "loc": {
          "start": {
            "line": 16,
            "column": 12
          },
          "end": {
            "line": 16,
            "column": 84
          }
        },
        "line": 16
      }
    },
    "branchMap": {
      "0": {
        "loc": {
          "start": {
            "line": 14,
            "column": 9
          },
          "end": {
            "line": 17,
            "column": 12
          }
        },
        "type": "binary-expr",
        "locations": [
          {
            "start": {
              "line": 14,
              "column": 9
            },
            "end": {
              "line": 14,
              "column": 18
            }
          },
          {
            "start": {
              "line": 15,
              "column": 10
            },
            "end": {
              "line": 17,
              "column": 12
            }
          }
        ],
        "line": 14
      }
    },
    "s": {
      "0": 4,
      "1": 16,
      "2": 20,
      "3": 16,
      "4": 4
    },
    "f": {
      "0": 16,
      "1": 20,
      "2": 4
    },
    "b": {
      "0": [
        16,
        12
      ]
    },
    "_coverageSchema": "1a1c01bbd47fc00a2c39e90264f33305004495a9",
    "hash": "49818983b8fbf658bb9958a4fb12cb54ea5a1913"
  },
  "/Users/vlad/Kavume/RS_school/react-app/src/App.tsx": {
    "path": "/Users/vlad/Kavume/RS_school/react-app/src/App.tsx",
    "statementMap": {
      "0": {
        "start": {
          "line": 11,
          "column": 12
        },
        "end": {
          "line": 24,
          "column": 1
        }
      },
      "1": {
        "start": {
          "line": 12,
          "column": 2
        },
        "end": {
          "line": 23,
          "column": 4
        }
      }
    },
    "fnMap": {
      "0": {
        "name": "(anonymous_0)",
        "decl": {
          "start": {
            "line": 11,
            "column": 12
          },
          "end": {
            "line": 11,
            "column": 13
          }
        },
        "loc": {
          "start": {
            "line": 11,
            "column": 18
          },
          "end": {
            "line": 24,
            "column": 1
          }
        },
        "line": 11
      }
    },
    "branchMap": {},
    "s": {
      "0": 4,
      "1": 8
    },
    "f": {
      "0": 8
    },
    "b": {},
    "_coverageSchema": "1a1c01bbd47fc00a2c39e90264f33305004495a9",
    "hash": "93f230e6f1f2bc890792928c8311cf3a8ecd4623"
  },
  "/Users/vlad/Kavume/RS_school/react-app/src/store/store.ts": {
    "path": "/Users/vlad/Kavume/RS_school/react-app/src/store/store.ts",
    "statementMap": {
      "0": {
        "start": {
          "line": 6,
          "column": 21
        },
        "end": {
          "line": 12,
          "column": 2
        }
      }
    },
    "fnMap": {},
    "branchMap": {},
    "s": {
      "0": 4
    },
    "f": {},
    "b": {},
    "_coverageSchema": "1a1c01bbd47fc00a2c39e90264f33305004495a9",
    "hash": "89cbd69fd904dd3d9b77cbe81b942acc32a052d0"
  },
  "/Users/vlad/Kavume/RS_school/react-app/src/index.tsx": {
    "path": "/Users/vlad/Kavume/RS_school/react-app/src/index.tsx",
    "statementMap": {
      "0": {
        "start": {
          "line": 9,
          "column": 15
        },
        "end": {
          "line": 20,
          "column": 2
        }
      },
      "1": {
        "start": {
          "line": 22,
          "column": 13
        },
        "end": {
          "line": 22,
          "column": 80
        }
      },
      "2": {
        "start": {
          "line": 23,
          "column": 0
        },
        "end": {
          "line": 29,
          "column": 2
        }
      }
    },
    "fnMap": {},
    "branchMap": {},
    "s": {
      "0": 4,
      "1": 4,
      "2": 4
    },
    "f": {},
    "b": {},
    "_coverageSchema": "1a1c01bbd47fc00a2c39e90264f33305004495a9",
    "hash": "5a1d24da49b6b9204be4f9653a3674ed96847308"
  }
}